ERROR - 2025-01-13 04:37:03 --> mysqli_sql_exception: Table 't_sewa_perlengkapan' already exists in D:\xampp\htdocs\fmcodeigniter65ta\system\Database\MySQLi\Connection.php:312
Stack trace:
#0 D:\xampp\htdocs\fmcodeigniter65ta\system\Database\MySQLi\Connection.php(312): mysqli->query('CREATE TABLE `t...', 0)
#1 D:\xampp\htdocs\fmcodeigniter65ta\system\Database\BaseConnection.php(734): CodeIgniter\Database\MySQLi\Connection->execute('CREATE TABLE `t...')
#2 D:\xampp\htdocs\fmcodeigniter65ta\system\Database\BaseConnection.php(648): CodeIgniter\Database\BaseConnection->simpleQuery('CREATE TABLE `t...')
#3 D:\xampp\htdocs\fmcodeigniter65ta\system\Database\Forge.php(570): CodeIgniter\Database\BaseConnection->query('CREATE TABLE `t...')
#4 D:\xampp\htdocs\fmcodeigniter65ta\app\Database\Migrations\2025-01-13-040842_Sewa.php(51): CodeIgniter\Database\Forge->createTable('t_sewa_perlengk...')
#5 D:\xampp\htdocs\fmcodeigniter65ta\system\Database\MigrationRunner.php(866): App\Database\Migrations\SewaPerlengkapan->up()
#6 D:\xampp\htdocs\fmcodeigniter65ta\system\Database\MigrationRunner.php(182): CodeIgniter\Database\MigrationRunner->migrate('up', Object(stdClass))
#7 D:\xampp\htdocs\fmcodeigniter65ta\system\Commands\Database\Migrate.php(85): CodeIgniter\Database\MigrationRunner->latest(NULL)
#8 D:\xampp\htdocs\fmcodeigniter65ta\system\CLI\Commands.php(70): CodeIgniter\Commands\Database\Migrate->run(Array)
#9 D:\xampp\htdocs\fmcodeigniter65ta\system\CLI\Console.php(48): CodeIgniter\CLI\Commands->run('migrate', Array)
#10 D:\xampp\htdocs\fmcodeigniter65ta\system\Boot.php(360): CodeIgniter\CLI\Console->run()
#11 D:\xampp\htdocs\fmcodeigniter65ta\system\Boot.php(104): CodeIgniter\Boot::runCommand(Object(CodeIgniter\CLI\Console))
#12 D:\xampp\htdocs\fmcodeigniter65ta\spark(84): CodeIgniter\Boot::bootSpark(Object(Config\Paths))
#13 {main}
ERROR - 2025-01-13 04:42:05 --> mysqli_sql_exception: Incorrect column name 'id_jam ' in D:\xampp\htdocs\fmcodeigniter65ta\system\Database\MySQLi\Connection.php:312
Stack trace:
#0 D:\xampp\htdocs\fmcodeigniter65ta\system\Database\MySQLi\Connection.php(312): mysqli->query('CREATE TABLE `t...', 0)
#1 D:\xampp\htdocs\fmcodeigniter65ta\system\Database\BaseConnection.php(734): CodeIgniter\Database\MySQLi\Connection->execute('CREATE TABLE `t...')
#2 D:\xampp\htdocs\fmcodeigniter65ta\system\Database\BaseConnection.php(648): CodeIgniter\Database\BaseConnection->simpleQuery('CREATE TABLE `t...')
#3 D:\xampp\htdocs\fmcodeigniter65ta\system\Database\Forge.php(570): CodeIgniter\Database\BaseConnection->query('CREATE TABLE `t...')
#4 D:\xampp\htdocs\fmcodeigniter65ta\app\Database\Migrations\2025-01-13-041443_Jamsewa.php(30): CodeIgniter\Database\Forge->createTable('t_jam_sewa')
#5 D:\xampp\htdocs\fmcodeigniter65ta\system\Database\MigrationRunner.php(866): App\Database\Migrations\Jamsewa->up()
#6 D:\xampp\htdocs\fmcodeigniter65ta\system\Database\MigrationRunner.php(182): CodeIgniter\Database\MigrationRunner->migrate('up', Object(stdClass))
#7 D:\xampp\htdocs\fmcodeigniter65ta\system\Commands\Database\Migrate.php(85): CodeIgniter\Database\MigrationRunner->latest(NULL)
#8 D:\xampp\htdocs\fmcodeigniter65ta\system\CLI\Commands.php(70): CodeIgniter\Commands\Database\Migrate->run(Array)
#9 D:\xampp\htdocs\fmcodeigniter65ta\system\CLI\Console.php(48): CodeIgniter\CLI\Commands->run('migrate', Array)
#10 D:\xampp\htdocs\fmcodeigniter65ta\system\Boot.php(360): CodeIgniter\CLI\Console->run()
#11 D:\xampp\htdocs\fmcodeigniter65ta\system\Boot.php(104): CodeIgniter\Boot::runCommand(Object(CodeIgniter\CLI\Console))
#12 D:\xampp\htdocs\fmcodeigniter65ta\spark(84): CodeIgniter\Boot::bootSpark(Object(Config\Paths))
#13 {main}
ERROR - 2025-01-13 04:48:04 --> mysqli_sql_exception: Incorrect column name 'id_jam ' in D:\xampp\htdocs\fmcodeigniter65ta\system\Database\MySQLi\Connection.php:312
Stack trace:
#0 D:\xampp\htdocs\fmcodeigniter65ta\system\Database\MySQLi\Connection.php(312): mysqli->query('CREATE TABLE `t...', 0)
#1 D:\xampp\htdocs\fmcodeigniter65ta\system\Database\BaseConnection.php(734): CodeIgniter\Database\MySQLi\Connection->execute('CREATE TABLE `t...')
#2 D:\xampp\htdocs\fmcodeigniter65ta\system\Database\BaseConnection.php(648): CodeIgniter\Database\BaseConnection->simpleQuery('CREATE TABLE `t...')
#3 D:\xampp\htdocs\fmcodeigniter65ta\system\Database\Forge.php(570): CodeIgniter\Database\BaseConnection->query('CREATE TABLE `t...')
#4 D:\xampp\htdocs\fmcodeigniter65ta\app\Database\Migrations\2025-01-13-041443_Jamsewa.php(30): CodeIgniter\Database\Forge->createTable('t_jam_sewa')
#5 D:\xampp\htdocs\fmcodeigniter65ta\system\Database\MigrationRunner.php(866): App\Database\Migrations\Jamsewa->up()
#6 D:\xampp\htdocs\fmcodeigniter65ta\system\Database\MigrationRunner.php(182): CodeIgniter\Database\MigrationRunner->migrate('up', Object(stdClass))
#7 D:\xampp\htdocs\fmcodeigniter65ta\system\Commands\Database\Migrate.php(85): CodeIgniter\Database\MigrationRunner->latest(NULL)
#8 D:\xampp\htdocs\fmcodeigniter65ta\system\CLI\Commands.php(70): CodeIgniter\Commands\Database\Migrate->run(Array)
#9 D:\xampp\htdocs\fmcodeigniter65ta\system\CLI\Console.php(48): CodeIgniter\CLI\Commands->run('migrate', Array)
#10 D:\xampp\htdocs\fmcodeigniter65ta\system\Boot.php(360): CodeIgniter\CLI\Console->run()
#11 D:\xampp\htdocs\fmcodeigniter65ta\system\Boot.php(104): CodeIgniter\Boot::runCommand(Object(CodeIgniter\CLI\Console))
#12 D:\xampp\htdocs\fmcodeigniter65ta\spark(84): CodeIgniter\Boot::bootSpark(Object(Config\Paths))
#13 {main}
ERROR - 2025-01-13 09:09:56 --> mysqli_sql_exception: Incorrect column name 'id ' in D:\xampp\htdocs\fmcodeigniter65ta\system\Database\MySQLi\Connection.php:312
Stack trace:
#0 D:\xampp\htdocs\fmcodeigniter65ta\system\Database\MySQLi\Connection.php(312): mysqli->query('CREATE TABLE `t...', 0)
#1 D:\xampp\htdocs\fmcodeigniter65ta\system\Database\BaseConnection.php(734): CodeIgniter\Database\MySQLi\Connection->execute('CREATE TABLE `t...')
#2 D:\xampp\htdocs\fmcodeigniter65ta\system\Database\BaseConnection.php(648): CodeIgniter\Database\BaseConnection->simpleQuery('CREATE TABLE `t...')
#3 D:\xampp\htdocs\fmcodeigniter65ta\system\Database\Forge.php(570): CodeIgniter\Database\BaseConnection->query('CREATE TABLE `t...')
#4 D:\xampp\htdocs\fmcodeigniter65ta\app\Database\Migrations\2025-01-13-083128_Jamsewa.php(31): CodeIgniter\Database\Forge->createTable('t_jam_sewa')
#5 D:\xampp\htdocs\fmcodeigniter65ta\system\Database\MigrationRunner.php(866): App\Database\Migrations\Jamsewa->up()
#6 D:\xampp\htdocs\fmcodeigniter65ta\system\Database\MigrationRunner.php(182): CodeIgniter\Database\MigrationRunner->migrate('up', Object(stdClass))
#7 D:\xampp\htdocs\fmcodeigniter65ta\system\Commands\Database\Migrate.php(85): CodeIgniter\Database\MigrationRunner->latest(NULL)
#8 D:\xampp\htdocs\fmcodeigniter65ta\system\CLI\Commands.php(70): CodeIgniter\Commands\Database\Migrate->run(Array)
#9 D:\xampp\htdocs\fmcodeigniter65ta\system\CLI\Console.php(48): CodeIgniter\CLI\Commands->run('migrate', Array)
#10 D:\xampp\htdocs\fmcodeigniter65ta\system\Boot.php(360): CodeIgniter\CLI\Console->run()
#11 D:\xampp\htdocs\fmcodeigniter65ta\system\Boot.php(104): CodeIgniter\Boot::runCommand(Object(CodeIgniter\CLI\Console))
#12 D:\xampp\htdocs\fmcodeigniter65ta\spark(84): CodeIgniter\Boot::bootSpark(Object(Config\Paths))
#13 {main}
ERROR - 2025-01-13 09:11:30 --> mysqli_sql_exception: Incorrect column name 'id ' in D:\xampp\htdocs\fmcodeigniter65ta\system\Database\MySQLi\Connection.php:312
Stack trace:
#0 D:\xampp\htdocs\fmcodeigniter65ta\system\Database\MySQLi\Connection.php(312): mysqli->query('CREATE TABLE `t...', 0)
#1 D:\xampp\htdocs\fmcodeigniter65ta\system\Database\BaseConnection.php(734): CodeIgniter\Database\MySQLi\Connection->execute('CREATE TABLE `t...')
#2 D:\xampp\htdocs\fmcodeigniter65ta\system\Database\BaseConnection.php(648): CodeIgniter\Database\BaseConnection->simpleQuery('CREATE TABLE `t...')
#3 D:\xampp\htdocs\fmcodeigniter65ta\system\Database\Forge.php(570): CodeIgniter\Database\BaseConnection->query('CREATE TABLE `t...')
#4 D:\xampp\htdocs\fmcodeigniter65ta\app\Database\Migrations\2025-01-13-083128_Jamsewa.php(31): CodeIgniter\Database\Forge->createTable('t_jam_sewa')
#5 D:\xampp\htdocs\fmcodeigniter65ta\system\Database\MigrationRunner.php(866): App\Database\Migrations\Jamsewa->up()
#6 D:\xampp\htdocs\fmcodeigniter65ta\system\Database\MigrationRunner.php(182): CodeIgniter\Database\MigrationRunner->migrate('up', Object(stdClass))
#7 D:\xampp\htdocs\fmcodeigniter65ta\system\Commands\Database\Migrate.php(85): CodeIgniter\Database\MigrationRunner->latest(NULL)
#8 D:\xampp\htdocs\fmcodeigniter65ta\system\CLI\Commands.php(70): CodeIgniter\Commands\Database\Migrate->run(Array)
#9 D:\xampp\htdocs\fmcodeigniter65ta\system\CLI\Console.php(48): CodeIgniter\CLI\Commands->run('migrate', Array)
#10 D:\xampp\htdocs\fmcodeigniter65ta\system\Boot.php(360): CodeIgniter\CLI\Console->run()
#11 D:\xampp\htdocs\fmcodeigniter65ta\system\Boot.php(104): CodeIgniter\Boot::runCommand(Object(CodeIgniter\CLI\Console))
#12 D:\xampp\htdocs\fmcodeigniter65ta\spark(84): CodeIgniter\Boot::bootSpark(Object(Config\Paths))
#13 {main}
