DEBUG - 2025-01-23 01:12:09 --> Session: Class initialized using 'CodeIgniter\Session\Handlers\FileHandler' driver.
CRITICAL - 2025-01-23 01:12:29 --> ErrorException: Undefined property: App\Controllers\Jadwal::$Jadwal
[Method: GET, Route: cek-jadwal]
in APPPATH\Controllers\Jadwal.php on line 14.
 1 APPPATH\Controllers\Jadwal.php(14): CodeIgniter\Debug\Exceptions->errorHandler(2, 'Undefined property: App\\Controllers\\Jadwal::$Jadwal', 'D:\\xampp\\htdocs\\fmcodeigniter65ta\\app\\Controllers\\Jadwal.php', 14)
 2 SYSTEMPATH\CodeIgniter.php(933): App\Controllers\Jadwal->cekJadwal()
 3 SYSTEMPATH\CodeIgniter.php(509): CodeIgniter\CodeIgniter->runController(Object(App\Controllers\Jadwal))
 4 SYSTEMPATH\CodeIgniter.php(355): CodeIgniter\CodeIgniter->handleRequest(null, Object(Config\Cache), false)
 5 SYSTEMPATH\Boot.php(334): CodeIgniter\CodeIgniter->run()
 6 SYSTEMPATH\Boot.php(67): CodeIgniter\Boot::runCodeIgniter(Object(CodeIgniter\CodeIgniter))
 7 FCPATH\index.php(56): CodeIgniter\Boot::bootWeb(Object(Config\Paths))
 8 SYSTEMPATH\rewrite.php(44): require_once('D:\\xampp\\htdocs\\fmcodeigniter65ta\\public\\index.php')
CRITICAL - 2025-01-23 01:13:07 --> ErrorException: Undefined property: App\Controllers\Jadwal::$Jadwal
[Method: GET, Route: cek-jadwal]
in APPPATH\Controllers\Jadwal.php on line 14.
 1 APPPATH\Controllers\Jadwal.php(14): CodeIgniter\Debug\Exceptions->errorHandler(2, 'Undefined property: App\\Controllers\\Jadwal::$Jadwal', 'D:\\xampp\\htdocs\\fmcodeigniter65ta\\app\\Controllers\\Jadwal.php', 14)
 2 SYSTEMPATH\CodeIgniter.php(933): App\Controllers\Jadwal->cekJadwal()
 3 SYSTEMPATH\CodeIgniter.php(509): CodeIgniter\CodeIgniter->runController(Object(App\Controllers\Jadwal))
 4 SYSTEMPATH\CodeIgniter.php(355): CodeIgniter\CodeIgniter->handleRequest(null, Object(Config\Cache), false)
 5 SYSTEMPATH\Boot.php(334): CodeIgniter\CodeIgniter->run()
 6 SYSTEMPATH\Boot.php(67): CodeIgniter\Boot::runCodeIgniter(Object(CodeIgniter\CodeIgniter))
 7 FCPATH\index.php(56): CodeIgniter\Boot::bootWeb(Object(Config\Paths))
 8 SYSTEMPATH\rewrite.php(44): require_once('D:\\xampp\\htdocs\\fmcodeigniter65ta\\public\\index.php')
CRITICAL - 2025-01-23 01:13:09 --> ErrorException: Undefined property: App\Controllers\Jadwal::$Jadwal
[Method: GET, Route: cek-jadwal]
in APPPATH\Controllers\Jadwal.php on line 14.
 1 APPPATH\Controllers\Jadwal.php(14): CodeIgniter\Debug\Exceptions->errorHandler(2, 'Undefined property: App\\Controllers\\Jadwal::$Jadwal', 'D:\\xampp\\htdocs\\fmcodeigniter65ta\\app\\Controllers\\Jadwal.php', 14)
 2 SYSTEMPATH\CodeIgniter.php(933): App\Controllers\Jadwal->cekJadwal()
 3 SYSTEMPATH\CodeIgniter.php(509): CodeIgniter\CodeIgniter->runController(Object(App\Controllers\Jadwal))
 4 SYSTEMPATH\CodeIgniter.php(355): CodeIgniter\CodeIgniter->handleRequest(null, Object(Config\Cache), false)
 5 SYSTEMPATH\Boot.php(334): CodeIgniter\CodeIgniter->run()
 6 SYSTEMPATH\Boot.php(67): CodeIgniter\Boot::runCodeIgniter(Object(CodeIgniter\CodeIgniter))
 7 FCPATH\index.php(56): CodeIgniter\Boot::bootWeb(Object(Config\Paths))
 8 SYSTEMPATH\rewrite.php(44): require_once('D:\\xampp\\htdocs\\fmcodeigniter65ta\\public\\index.php')
CRITICAL - 2025-01-23 01:15:46 --> ErrorException: Undefined property: App\Controllers\Jadwal::$Jadwal
[Method: GET, Route: cek-jadwal]
in APPPATH\Controllers\Jadwal.php on line 14.
 1 APPPATH\Controllers\Jadwal.php(14): CodeIgniter\Debug\Exceptions->errorHandler(2, 'Undefined property: App\\Controllers\\Jadwal::$Jadwal', 'D:\\xampp\\htdocs\\fmcodeigniter65ta\\app\\Controllers\\Jadwal.php', 14)
 2 SYSTEMPATH\CodeIgniter.php(933): App\Controllers\Jadwal->cekJadwal()
 3 SYSTEMPATH\CodeIgniter.php(509): CodeIgniter\CodeIgniter->runController(Object(App\Controllers\Jadwal))
 4 SYSTEMPATH\CodeIgniter.php(355): CodeIgniter\CodeIgniter->handleRequest(null, Object(Config\Cache), false)
 5 SYSTEMPATH\Boot.php(334): CodeIgniter\CodeIgniter->run()
 6 SYSTEMPATH\Boot.php(67): CodeIgniter\Boot::runCodeIgniter(Object(CodeIgniter\CodeIgniter))
 7 FCPATH\index.php(56): CodeIgniter\Boot::bootWeb(Object(Config\Paths))
 8 SYSTEMPATH\rewrite.php(44): require_once('D:\\xampp\\htdocs\\fmcodeigniter65ta\\public\\index.php')
CRITICAL - 2025-01-23 01:15:47 --> ErrorException: Undefined property: App\Controllers\Jadwal::$Jadwal
[Method: GET, Route: cek-jadwal]
in APPPATH\Controllers\Jadwal.php on line 14.
 1 APPPATH\Controllers\Jadwal.php(14): CodeIgniter\Debug\Exceptions->errorHandler(2, 'Undefined property: App\\Controllers\\Jadwal::$Jadwal', 'D:\\xampp\\htdocs\\fmcodeigniter65ta\\app\\Controllers\\Jadwal.php', 14)
 2 SYSTEMPATH\CodeIgniter.php(933): App\Controllers\Jadwal->cekJadwal()
 3 SYSTEMPATH\CodeIgniter.php(509): CodeIgniter\CodeIgniter->runController(Object(App\Controllers\Jadwal))
 4 SYSTEMPATH\CodeIgniter.php(355): CodeIgniter\CodeIgniter->handleRequest(null, Object(Config\Cache), false)
 5 SYSTEMPATH\Boot.php(334): CodeIgniter\CodeIgniter->run()
 6 SYSTEMPATH\Boot.php(67): CodeIgniter\Boot::runCodeIgniter(Object(CodeIgniter\CodeIgniter))
 7 FCPATH\index.php(56): CodeIgniter\Boot::bootWeb(Object(Config\Paths))
 8 SYSTEMPATH\rewrite.php(44): require_once('D:\\xampp\\htdocs\\fmcodeigniter65ta\\public\\index.php')
DEBUG - 2025-01-23 01:15:49 --> Session: Class initialized using 'CodeIgniter\Session\Handlers\FileHandler' driver.
CRITICAL - 2025-01-23 01:18:20 --> TypeError: Cannot access offset of type string on string
[Method: GET, Route: jadwal]
in APPPATH\Views\v_jadwal.php on line 22.
 1 SYSTEMPATH\View\View.php(234): include()
 2 SYSTEMPATH\View\View.php(237): CodeIgniter\View\View->CodeIgniter\View\{closure}()
 3 SYSTEMPATH\Common.php(1171): CodeIgniter\View\View->render('v_jadwal', [], true)
 4 APPPATH\Controllers\Jadwal.php(14): view('v_jadwal', [...])
 5 SYSTEMPATH\CodeIgniter.php(933): App\Controllers\Jadwal->cekJadwal()
 6 SYSTEMPATH\CodeIgniter.php(509): CodeIgniter\CodeIgniter->runController(Object(App\Controllers\Jadwal))
 7 SYSTEMPATH\CodeIgniter.php(355): CodeIgniter\CodeIgniter->handleRequest(null, Object(Config\Cache), false)
 8 SYSTEMPATH\Boot.php(334): CodeIgniter\CodeIgniter->run()
 9 SYSTEMPATH\Boot.php(67): CodeIgniter\Boot::runCodeIgniter(Object(CodeIgniter\CodeIgniter))
10 FCPATH\index.php(56): CodeIgniter\Boot::bootWeb(Object(Config\Paths))
11 SYSTEMPATH\rewrite.php(44): require_once('D:\\xampp\\htdocs\\fmcodeigniter65ta\\public\\index.php')
CRITICAL - 2025-01-23 01:19:40 --> ParseError: syntax error, unexpected token ")"
[Method: GET, Route: jadwal]
in APPPATH\Views\v_jadwal.php on line 19.
 1 SYSTEMPATH\View\View.php(237): CodeIgniter\View\View->CodeIgniter\View\{closure}()
 2 SYSTEMPATH\Common.php(1171): CodeIgniter\View\View->render('v_jadwal', [], true)
 3 APPPATH\Controllers\Jadwal.php(14): view('v_jadwal', [...])
 4 SYSTEMPATH\CodeIgniter.php(933): App\Controllers\Jadwal->cekJadwal()
 5 SYSTEMPATH\CodeIgniter.php(509): CodeIgniter\CodeIgniter->runController(Object(App\Controllers\Jadwal))
 6 SYSTEMPATH\CodeIgniter.php(355): CodeIgniter\CodeIgniter->handleRequest(null, Object(Config\Cache), false)
 7 SYSTEMPATH\Boot.php(334): CodeIgniter\CodeIgniter->run()
 8 SYSTEMPATH\Boot.php(67): CodeIgniter\Boot::runCodeIgniter(Object(CodeIgniter\CodeIgniter))
 9 FCPATH\index.php(56): CodeIgniter\Boot::bootWeb(Object(Config\Paths))
10 SYSTEMPATH\rewrite.php(44): require_once('D:\\xampp\\htdocs\\fmcodeigniter65ta\\public\\index.php')
CRITICAL - 2025-01-23 01:20:27 --> ErrorException: Undefined property: App\Controllers\Jadwal::$data
[Method: GET, Route: jadwal]
in APPPATH\Controllers\Jadwal.php on line 14.
 1 APPPATH\Controllers\Jadwal.php(14): CodeIgniter\Debug\Exceptions->errorHandler(2, 'Undefined property: App\\Controllers\\Jadwal::$data', 'D:\\xampp\\htdocs\\fmcodeigniter65ta\\app\\Controllers\\Jadwal.php', 14)
 2 SYSTEMPATH\CodeIgniter.php(933): App\Controllers\Jadwal->cekJadwal()
 3 SYSTEMPATH\CodeIgniter.php(509): CodeIgniter\CodeIgniter->runController(Object(App\Controllers\Jadwal))
 4 SYSTEMPATH\CodeIgniter.php(355): CodeIgniter\CodeIgniter->handleRequest(null, Object(Config\Cache), false)
 5 SYSTEMPATH\Boot.php(334): CodeIgniter\CodeIgniter->run()
 6 SYSTEMPATH\Boot.php(67): CodeIgniter\Boot::runCodeIgniter(Object(CodeIgniter\CodeIgniter))
 7 FCPATH\index.php(56): CodeIgniter\Boot::bootWeb(Object(Config\Paths))
 8 SYSTEMPATH\rewrite.php(44): require_once('D:\\xampp\\htdocs\\fmcodeigniter65ta\\public\\index.php')
DEBUG - 2025-01-23 01:26:57 --> Session: Class initialized using 'CodeIgniter\Session\Handlers\FileHandler' driver.
DEBUG - 2025-01-23 01:30:05 --> Session: Class initialized using 'CodeIgniter\Session\Handlers\FileHandler' driver.
DEBUG - 2025-01-23 01:30:07 --> Session: Class initialized using 'CodeIgniter\Session\Handlers\FileHandler' driver.
DEBUG - 2025-01-23 02:54:48 --> Session: Class initialized using 'CodeIgniter\Session\Handlers\FileHandler' driver.
DEBUG - 2025-01-23 02:55:08 --> Session: Class initialized using 'CodeIgniter\Session\Handlers\FileHandler' driver.
DEBUG - 2025-01-23 03:08:04 --> Session: Class initialized using 'CodeIgniter\Session\Handlers\FileHandler' driver.
DEBUG - 2025-01-23 03:11:42 --> Session: Class initialized using 'CodeIgniter\Session\Handlers\FileHandler' driver.
DEBUG - 2025-01-23 03:11:48 --> Session: Class initialized using 'CodeIgniter\Session\Handlers\FileHandler' driver.
DEBUG - 2025-01-23 03:11:55 --> Session: Class initialized using 'CodeIgniter\Session\Handlers\FileHandler' driver.
DEBUG - 2025-01-23 03:12:05 --> Session: Class initialized using 'CodeIgniter\Session\Handlers\FileHandler' driver.
DEBUG - 2025-01-23 03:12:41 --> Session: Class initialized using 'CodeIgniter\Session\Handlers\FileHandler' driver.
DEBUG - 2025-01-23 03:14:20 --> Session: Class initialized using 'CodeIgniter\Session\Handlers\FileHandler' driver.
DEBUG - 2025-01-23 03:19:27 --> Session: Class initialized using 'CodeIgniter\Session\Handlers\FileHandler' driver.
CRITICAL - 2025-01-23 03:19:27 --> CodeIgniter\View\Exceptions\ViewException: Invalid file: "admin/v_dashboard.php"
[Method: GET, Route: dashboard]
in SYSTEMPATH\Exceptions\FrameworkException.php on line 41.
 1 SYSTEMPATH\View\View.php(222): CodeIgniter\Exceptions\FrameworkException::forInvalidFile('admin/v_dashboard.php')
 2 SYSTEMPATH\Common.php(1171): CodeIgniter\View\View->render('admin/v_dashboard', [], true)
 3 APPPATH\Views\layout\v_content.php(3): view('admin/v_dashboard')
 4 SYSTEMPATH\View\View.php(234): include('D:\\xampp\\htdocs\\fmcodeigniter65ta\\app\\Views\\layout\\v_content.php')
 5 SYSTEMPATH\View\View.php(237): CodeIgniter\View\View->CodeIgniter\View\{closure}()
 6 SYSTEMPATH\Common.php(1171): CodeIgniter\View\View->render('layout/v_content', [], true)
 7 APPPATH\Views\layout\v_wrapper.php(5): view('layout/v_content')
 8 SYSTEMPATH\View\View.php(234): include('D:\\xampp\\htdocs\\fmcodeigniter65ta\\app\\Views\\layout\\v_wrapper.php')
 9 SYSTEMPATH\View\View.php(237): CodeIgniter\View\View->CodeIgniter\View\{closure}()
10 SYSTEMPATH\Common.php(1171): CodeIgniter\View\View->render('layout/v_wrapper', [], true)
11 APPPATH\Controllers\Home.php(18): view('layout/v_wrapper', [...])
12 SYSTEMPATH\CodeIgniter.php(933): App\Controllers\Home->index()
13 SYSTEMPATH\CodeIgniter.php(509): CodeIgniter\CodeIgniter->runController(Object(App\Controllers\Home))
14 SYSTEMPATH\CodeIgniter.php(355): CodeIgniter\CodeIgniter->handleRequest(null, Object(Config\Cache), false)
15 SYSTEMPATH\Boot.php(334): CodeIgniter\CodeIgniter->run()
16 SYSTEMPATH\Boot.php(67): CodeIgniter\Boot::runCodeIgniter(Object(CodeIgniter\CodeIgniter))
17 FCPATH\index.php(56): CodeIgniter\Boot::bootWeb(Object(Config\Paths))
18 SYSTEMPATH\rewrite.php(44): require_once('D:\\xampp\\htdocs\\fmcodeigniter65ta\\public\\index.php')
DEBUG - 2025-01-23 03:19:39 --> Session: Class initialized using 'CodeIgniter\Session\Handlers\FileHandler' driver.
CRITICAL - 2025-01-23 03:19:39 --> CodeIgniter\View\Exceptions\ViewException: Invalid file: "admin/v_dashboard.php"
[Method: GET, Route: /]
in SYSTEMPATH\Exceptions\FrameworkException.php on line 41.
 1 SYSTEMPATH\View\View.php(222): CodeIgniter\Exceptions\FrameworkException::forInvalidFile('admin/v_dashboard.php')
 2 SYSTEMPATH\Common.php(1171): CodeIgniter\View\View->render('admin/v_dashboard', [], true)
 3 APPPATH\Views\layout\v_content.php(3): view('admin/v_dashboard')
 4 SYSTEMPATH\View\View.php(234): include('D:\\xampp\\htdocs\\fmcodeigniter65ta\\app\\Views\\layout\\v_content.php')
 5 SYSTEMPATH\View\View.php(237): CodeIgniter\View\View->CodeIgniter\View\{closure}()
 6 SYSTEMPATH\Common.php(1171): CodeIgniter\View\View->render('layout/v_content', [], true)
 7 APPPATH\Views\layout\v_wrapper.php(5): view('layout/v_content')
 8 SYSTEMPATH\View\View.php(234): include('D:\\xampp\\htdocs\\fmcodeigniter65ta\\app\\Views\\layout\\v_wrapper.php')
 9 SYSTEMPATH\View\View.php(237): CodeIgniter\View\View->CodeIgniter\View\{closure}()
10 SYSTEMPATH\Common.php(1171): CodeIgniter\View\View->render('layout/v_wrapper', [], true)
11 APPPATH\Controllers\Home.php(18): view('layout/v_wrapper', [...])
12 SYSTEMPATH\CodeIgniter.php(933): App\Controllers\Home->index()
13 SYSTEMPATH\CodeIgniter.php(509): CodeIgniter\CodeIgniter->runController(Object(App\Controllers\Home))
14 SYSTEMPATH\CodeIgniter.php(355): CodeIgniter\CodeIgniter->handleRequest(null, Object(Config\Cache), false)
15 SYSTEMPATH\Boot.php(334): CodeIgniter\CodeIgniter->run()
16 SYSTEMPATH\Boot.php(67): CodeIgniter\Boot::runCodeIgniter(Object(CodeIgniter\CodeIgniter))
17 FCPATH\index.php(56): CodeIgniter\Boot::bootWeb(Object(Config\Paths))
18 SYSTEMPATH\rewrite.php(44): require_once('D:\\xampp\\htdocs\\fmcodeigniter65ta\\public\\index.php')
DEBUG - 2025-01-23 03:19:44 --> Session: Class initialized using 'CodeIgniter\Session\Handlers\FileHandler' driver.
CRITICAL - 2025-01-23 03:19:44 --> CodeIgniter\View\Exceptions\ViewException: Invalid file: "admin/v_dashboard.php"
[Method: GET, Route: /]
in SYSTEMPATH\Exceptions\FrameworkException.php on line 41.
 1 SYSTEMPATH\View\View.php(222): CodeIgniter\Exceptions\FrameworkException::forInvalidFile('admin/v_dashboard.php')
 2 SYSTEMPATH\Common.php(1171): CodeIgniter\View\View->render('admin/v_dashboard', [], true)
 3 APPPATH\Views\layout\v_content.php(3): view('admin/v_dashboard')
 4 SYSTEMPATH\View\View.php(234): include('D:\\xampp\\htdocs\\fmcodeigniter65ta\\app\\Views\\layout\\v_content.php')
 5 SYSTEMPATH\View\View.php(237): CodeIgniter\View\View->CodeIgniter\View\{closure}()
 6 SYSTEMPATH\Common.php(1171): CodeIgniter\View\View->render('layout/v_content', [], true)
 7 APPPATH\Views\layout\v_wrapper.php(5): view('layout/v_content')
 8 SYSTEMPATH\View\View.php(234): include('D:\\xampp\\htdocs\\fmcodeigniter65ta\\app\\Views\\layout\\v_wrapper.php')
 9 SYSTEMPATH\View\View.php(237): CodeIgniter\View\View->CodeIgniter\View\{closure}()
10 SYSTEMPATH\Common.php(1171): CodeIgniter\View\View->render('layout/v_wrapper', [], true)
11 APPPATH\Controllers\Home.php(18): view('layout/v_wrapper', [...])
12 SYSTEMPATH\CodeIgniter.php(933): App\Controllers\Home->index()
13 SYSTEMPATH\CodeIgniter.php(509): CodeIgniter\CodeIgniter->runController(Object(App\Controllers\Home))
14 SYSTEMPATH\CodeIgniter.php(355): CodeIgniter\CodeIgniter->handleRequest(null, Object(Config\Cache), false)
15 SYSTEMPATH\Boot.php(334): CodeIgniter\CodeIgniter->run()
16 SYSTEMPATH\Boot.php(67): CodeIgniter\Boot::runCodeIgniter(Object(CodeIgniter\CodeIgniter))
17 FCPATH\index.php(56): CodeIgniter\Boot::bootWeb(Object(Config\Paths))
18 SYSTEMPATH\rewrite.php(44): require_once('D:\\xampp\\htdocs\\fmcodeigniter65ta\\public\\index.php')
DEBUG - 2025-01-23 03:20:59 --> Session: Class initialized using 'CodeIgniter\Session\Handlers\FileHandler' driver.
DEBUG - 2025-01-23 03:21:55 --> Session: Class initialized using 'CodeIgniter\Session\Handlers\FileHandler' driver.
DEBUG - 2025-01-23 03:21:59 --> Session: Class initialized using 'CodeIgniter\Session\Handlers\FileHandler' driver.
DEBUG - 2025-01-23 03:22:13 --> Session: Class initialized using 'CodeIgniter\Session\Handlers\FileHandler' driver.
DEBUG - 2025-01-23 03:22:51 --> Session: Class initialized using 'CodeIgniter\Session\Handlers\FileHandler' driver.
DEBUG - 2025-01-23 03:25:42 --> Session: Class initialized using 'CodeIgniter\Session\Handlers\FileHandler' driver.
DEBUG - 2025-01-23 03:25:47 --> Session: Class initialized using 'CodeIgniter\Session\Handlers\FileHandler' driver.
DEBUG - 2025-01-23 03:26:38 --> Session: Class initialized using 'CodeIgniter\Session\Handlers\FileHandler' driver.
DEBUG - 2025-01-23 03:26:53 --> Session: Class initialized using 'CodeIgniter\Session\Handlers\FileHandler' driver.
DEBUG - 2025-01-23 03:36:48 --> Session: Class initialized using 'CodeIgniter\Session\Handlers\FileHandler' driver.
DEBUG - 2025-01-23 03:36:57 --> Session: Class initialized using 'CodeIgniter\Session\Handlers\FileHandler' driver.
DEBUG - 2025-01-23 03:40:19 --> Session: Class initialized using 'CodeIgniter\Session\Handlers\FileHandler' driver.
DEBUG - 2025-01-23 03:49:58 --> Session: Class initialized using 'CodeIgniter\Session\Handlers\FileHandler' driver.
DEBUG - 2025-01-23 03:57:56 --> Session: Class initialized using 'CodeIgniter\Session\Handlers\FileHandler' driver.
DEBUG - 2025-01-23 03:59:31 --> Session: Class initialized using 'CodeIgniter\Session\Handlers\FileHandler' driver.
DEBUG - 2025-01-23 04:16:27 --> Session: Class initialized using 'CodeIgniter\Session\Handlers\FileHandler' driver.
DEBUG - 2025-01-23 04:16:34 --> Session: Class initialized using 'CodeIgniter\Session\Handlers\FileHandler' driver.
