ERROR - 2024-12-31 07:22:45 --> Error connecting to the database: mysqli_sql_exception: Access denied for user 'root'@'localhost' (using password: YES) in D:\xampp\htdocs\fmcodeigniter65ta\system\Database\MySQLi\Connection.php:186
Stack trace:
#0 D:\xampp\htdocs\fmcodeigniter65ta\system\Database\MySQLi\Connection.php(186): mysqli->real_connect('localhost', 'root', Object(SensitiveParameterValue), 'dbci4-0065', 3306, '', 0)
#1 D:\xampp\htdocs\fmcodeigniter65ta\system\Database\BaseConnection.php(421): CodeIgniter\Database\MySQLi\Connection->connect(false)
#2 D:\xampp\htdocs\fmcodeigniter65ta\system\Database\BaseConnection.php(616): CodeIgniter\Database\BaseConnection->initialize()
#3 D:\xampp\htdocs\fmcodeigniter65ta\system\Database\BaseConnection.php(1487): CodeIgniter\Database\BaseConnection->query('SHOW TABLES FRO...')
#4 D:\xampp\htdocs\fmcodeigniter65ta\system\Database\BaseConnection.php(1507): CodeIgniter\Database\BaseConnection->listTables()
#5 D:\xampp\htdocs\fmcodeigniter65ta\system\Database\MigrationRunner.php(758): CodeIgniter\Database\BaseConnection->tableExists('migrations')
#6 D:\xampp\htdocs\fmcodeigniter65ta\system\Database\MigrationRunner.php(162): CodeIgniter\Database\MigrationRunner->ensureTable()
#7 D:\xampp\htdocs\fmcodeigniter65ta\system\Commands\Database\Migrate.php(85): CodeIgniter\Database\MigrationRunner->latest(NULL)
#8 D:\xampp\htdocs\fmcodeigniter65ta\system\CLI\Commands.php(70): CodeIgniter\Commands\Database\Migrate->run(Array)
#9 D:\xampp\htdocs\fmcodeigniter65ta\system\CLI\Console.php(48): CodeIgniter\CLI\Commands->run('migrate', Array)
#10 D:\xampp\htdocs\fmcodeigniter65ta\system\Boot.php(360): CodeIgniter\CLI\Console->run()
#11 D:\xampp\htdocs\fmcodeigniter65ta\system\Boot.php(104): CodeIgniter\Boot::runCommand(Object(CodeIgniter\CLI\Console))
#12 D:\xampp\htdocs\fmcodeigniter65ta\spark(84): CodeIgniter\Boot::bootSpark(Object(Config\Paths))
#13 {main}

Next CodeIgniter\Database\Exceptions\DatabaseException: Access denied for user '****'@'localhost' (using password: YES) in D:\xampp\htdocs\fmcodeigniter65ta\system\Database\MySQLi\Connection.php:231
Stack trace:
#0 D:\xampp\htdocs\fmcodeigniter65ta\system\Database\BaseConnection.php(421): CodeIgniter\Database\MySQLi\Connection->connect(false)
#1 D:\xampp\htdocs\fmcodeigniter65ta\system\Database\BaseConnection.php(616): CodeIgniter\Database\BaseConnection->initialize()
#2 D:\xampp\htdocs\fmcodeigniter65ta\system\Database\BaseConnection.php(1487): CodeIgniter\Database\BaseConnection->query('SHOW TABLES FRO...')
#3 D:\xampp\htdocs\fmcodeigniter65ta\system\Database\BaseConnection.php(1507): CodeIgniter\Database\BaseConnection->listTables()
#4 D:\xampp\htdocs\fmcodeigniter65ta\system\Database\MigrationRunner.php(758): CodeIgniter\Database\BaseConnection->tableExists('migrations')
#5 D:\xampp\htdocs\fmcodeigniter65ta\system\Database\MigrationRunner.php(162): CodeIgniter\Database\MigrationRunner->ensureTable()
#6 D:\xampp\htdocs\fmcodeigniter65ta\system\Commands\Database\Migrate.php(85): CodeIgniter\Database\MigrationRunner->latest(NULL)
#7 D:\xampp\htdocs\fmcodeigniter65ta\system\CLI\Commands.php(70): CodeIgniter\Commands\Database\Migrate->run(Array)
#8 D:\xampp\htdocs\fmcodeigniter65ta\system\CLI\Console.php(48): CodeIgniter\CLI\Commands->run('migrate', Array)
#9 D:\xampp\htdocs\fmcodeigniter65ta\system\Boot.php(360): CodeIgniter\CLI\Console->run()
#10 D:\xampp\htdocs\fmcodeigniter65ta\system\Boot.php(104): CodeIgniter\Boot::runCommand(Object(CodeIgniter\CLI\Console))
#11 D:\xampp\htdocs\fmcodeigniter65ta\spark(84): CodeIgniter\Boot::bootSpark(Object(Config\Paths))
#12 {main}
